
Showing logs for build [32mcb-kubecd-environment-pr-1484-6-fj2pc-2[0m stage [32mfrom-build-pack[0m and container [32mstep-credential-initializer-lpnl7[0m
{"level":"info","ts":1589798083.8791575,"logger":"fallback-logger","caller":"logging/config.go:69","msg":"Fetch GitHub commit ID from kodata failed: open /var/run/ko/refs/heads/0.8.0-ns-support: no such file or directory"}
{"level":"info","ts":1589798083.88016,"logger":"fallback-logger","caller":"creds-init/main.go:40","msg":"Credentials initialized."}

Showing logs for build [32mcb-kubecd-environment-pr-1484-6-fj2pc-2[0m stage [32mfrom-build-pack[0m and container [32mstep-working-dir-initializer-8hdhd[0m
{"level":"info","ts":1589798084.7373302,"logger":"fallback-logger","caller":"logging/config.go:69","msg":"Fetch GitHub commit ID from kodata failed: open /var/run/ko/HEAD: no such file or directory"}
{"level":"info","ts":1589798084.7399454,"logger":"fallback-logger","caller":"bash/main.go:64","msg":"Successfully executed command \"sh -c mkdir -p /workspace/source\"; output "}

Showing logs for build [32mcb-kubecd-environment-pr-1484-6-fj2pc-2[0m stage [32mfrom-build-pack[0m and container [32mstep-place-tools[0m

Showing logs for build [32mcb-kubecd-environment-pr-1484-6-fj2pc-2[0m stage [32mfrom-build-pack[0m and container [32mstep-git-source-cb-kubecd-environment-pr-1484-6-fj2pc-4lgwn[0m
{"level":"info","ts":1589798111.815328,"logger":"fallback-logger","caller":"logging/config.go:69","msg":"Fetch GitHub commit ID from kodata failed: open /var/run/ko/refs/heads/0.8.0-ns-support: no such file or directory"}
{"level":"info","ts":1589798112.88915,"logger":"fallback-logger","caller":"git/git.go:103","msg":"Successfully cloned https://github.com/cb-kubecd/environment-pr-1484-6-bdd-frontend-staging.git @ master in path /workspace/source"}

Showing logs for build [32mcb-kubecd-environment-pr-1484-6-fj2pc-2[0m stage [32mfrom-build-pack[0m and container [32mstep-git-merge[0m
Using SHAs from PULL_REFS=master:743bbb85ed6986ebd1dee6c6ca1bc18cf096203a,1:b8b60f674d907a2e1640e7ca6d5d844b19ecc9e8
DEBUG: LC_ALL=C JX_LOG_LEVEL=error git fetch origin --unshallow b8b60f674d907a2e1640e7ca6d5d844b19ecc9e8: 743bbb85ed6986ebd1dee6c6ca1bc18cf096203a:
DEBUG: ran git fetch --unshallow origin b8b60f674d907a2e1640e7ca6d5d844b19ecc9e8: 743bbb85ed6986ebd1dee6c6ca1bc18cf096203a: in 
DEBUG: LC_ALL=C JX_LOG_LEVEL=error git branch
DEBUG: LC_ALL=C JX_LOG_LEVEL=error git checkout master
DEBUG: ran git checkout master in 
DEBUG: JX_LOG_LEVEL=error LC_ALL=C git reset --hard 743bbb85ed6986ebd1dee6c6ca1bc18cf096203a
DEBUG: ran git reset --hard 743bbb85ed6986ebd1dee6c6ca1bc18cf096203a in 
DEBUG: JX_LOG_LEVEL=error LC_ALL=C git clean -fd .
DEBUG: ran clean --force -d . in 
DEBUG: LC_ALL=C JX_LOG_LEVEL=error git merge b8b60f674d907a2e1640e7ca6d5d844b19ecc9e8
DEBUG: ran git merge b8b60f674d907a2e1640e7ca6d5d844b19ecc9e8 in 
DEBUG: LC_ALL=C JX_LOG_LEVEL=error git log --format=%H%x1f%an%x1f%ae%x1f%cn%x1f%ce%x1f%s%n%b%x1e 743bbb85ed6986ebd1dee6c6ca1bc18cf096203a..HEAD
Merged SHA b8b60f674d907a2e1640e7ca6d5d844b19ecc9e8 with commit message 'chore: Promote bdd-nh-1589796667 to version 0.0.1' into base branch master

Showing logs for build [32mcb-kubecd-environment-pr-1484-6-fj2pc-2[0m stage [32mfrom-build-pack[0m and container [32mstep-build-helm-build[0m
WARNING: No $CHART_REPOSITORY defined so using the default value of: http://jenkins-x-chartmuseum:8080
Adding missing Helm repo: storage.googleapis.com https://storage.googleapis.com/chartmuseum.jenkins-x.io
WARNING: No secrets found on "helm/repos" due: reading the secret "helm/repos" from vault: no secret "helm/repos" not found in vault
Read credentials for https://storage.googleapis.com/chartmuseum.jenkins-x.io from vault helm/repos
Successfully added Helm repository storage.googleapis.com.
Adding missing Helm repo: jenkins-x-chartmuseum http://jenkins-x-chartmuseum:8080
WARNING: No secrets found on "helm/repos" due: reading the secret "helm/repos" from vault: no secret "helm/repos" not found in vault
Read credentials for http://jenkins-x-chartmuseum:8080 from vault helm/repos
Successfully added Helm repository jenkins-x-chartmuseum.
WARNING: No $CHART_REPOSITORY defined so using the default value of: http://jenkins-x-chartmuseum:8080
Adding missing Helm repo: chartmuseum.jenkins-x.io http://chartmuseum.jenkins-x.io
WARNING: No secrets found on "helm/repos" due: reading the secret "helm/repos" from vault: no secret "helm/repos" not found in vault
Read credentials for http://chartmuseum.jenkins-x.io from vault helm/repos
Successfully added Helm repository chartmuseum.jenkins-x.io.
